Arguments: 
  C:\Program Files\nodejs\node.exe C:\Users\Danny\AppData\Roaming\npm\node_modules\yarn\bin\yarn.js add prettier

PATH: 
  C:\Program Files\ImageMagick-7.1.0-Q16-HDRI;C:\Python39\Scripts\;C:\Python39\;C:\Windows\system32;C:\Windows;C:\Windows\System32\Wbem;C:\Windows\System32\WindowsPowerShell\v1.0\;C:\Windows\System32\OpenSSH\;C:\Program Files\Inkscape\bin;C:\Program Files\PuTTY\;C:\Program Files\Geth;C:\Program Files\nodejs\;C:\ProgramData\chocolatey\bin;C:\Program Files\dotnet\;C:\Program Files (x86)\Microsoft SQL Server\150\DTS\Binn\;C:\Program Files\Azure Data Studio\bin;C:\Program Files\Docker\Docker\resources\bin;C:\ProgramData\DockerDesktop\version-bin;C:\Program Files\Git\cmd;C:\Users\Danny\AppData\Local\Microsoft\WindowsApps;C:\Users\Danny\AppData\Local\Programs\Microsoft VS Code\bin;C:\Users\Danny\AppData\Local\atom\bin;C:\Users\Danny\AppData\Roaming\npm;C:\Users\Danny\.dotnet\tools;C:\Program Files\Azure Data Studio\bin;C:\Program Files\heroku\bin

Yarn version: 
  1.22.18

Node version: 
  14.17.6

Platform: 
  win32 x64

Trace: 
  Error: EPERM: operation not permitted, unlink 'C:\Users\Danny\repo\fr-html-ipfs\node_modules\secp256k1\prebuilds\win32-x64\node.napi.node'

npm manifest: 
  {
      "name": "docker-solidity-template",
      "version": "1.0.0",
      "description": "Project template for solidity development",
      "repository": "https://anmaio@dev.azure.com/anmaio/Wolfox/_git/docker-solidity-template",
      "author": "Olie Denyer <olied@anma.io>",
      "license": "UNLICENSED",
      "scripts": {
          "hook:add": "yarn add husky --dev && yarn husky install && yarn husky add .husky/pre-commit \"yarn format:sol\" && git add .husky/pre-commit",
          "hook:remove": "yarn remove husky && git config --unset core.hooksPath",
          "node:local": "./node_modules/.bin/hardhat --config hardhat.config.local.js node",
          "node:docker": "docker compose rm -f node && docker compose up node --build",
          "accounts:local": "./node_modules/.bin/hardhat --config hardhat.config.local.js accounts",
          "clean:local": "./node_modules/.bin/hardhat --config hardhat.config.local.js clean",
          "lint:sol": "./node_modules/.bin/solhint -f table contracts/**/*.sol",
          "format:sol": "./node_modules/.bin/prettier --write contracts/**/*.sol",
          "check:local": " yarn format:sol && yarn lint:sol",
          "test:local": "yarn format:sol && yarn lint:sol && ./node_modules/.bin/hardhat --config hardhat.config.local.js test",
          "compile:local": "./node_modules/.bin/hardhat --config hardhat.config.local.js compile",
          "deploy:local": "./node_modules/.bin/hardhat --config hardhat.config.local.js --network localhost deploy-local",
          "deploy:rinkeby": "./node_modules/.bin/hardhat --config hardhat.config.js --network rinkeby deploy --verify false",
          "deploy:mainnet": "./node_modules/.bin/hardhat --config hardhat.config.js --network mainnet deploy --verify true",
          "verify:rinkeby": "./node_modules/.bin/hardhat --config hardhat.config.js --network rinkeby verify",
          "client:local": "node ./client/src/App.js",
          "client:docker": "docker compose up client --build",
          "api:docker": "docker compose up api --build"
      },
      "devDependencies": {
          "@nomiclabs/hardhat-ethers": "^2.0.0",
          "@nomiclabs/hardhat-etherscan": "^3.1.0",
          "@nomiclabs/hardhat-solhint": "^2.0.1",
          "@nomiclabs/hardhat-waffle": "^2.0.0",
          "@remix-project/remixd": "^0.6.4",
          "chai": "^4.2.0",
          "dotenv": "^16.0.1",
          "ethereum-waffle": "^3.0.0",
          "ethers": "^5.0.0",
          "base64-sol": "^1.1.0",
          "hardhat": "^2.9.9",
          "hardhat-ethernal": "^1.0.0",
          "hardhat-gas-reporter": "^1.0.8",
          "hardhat-prettier": "^0.0.1",
          "husky": "^8.0.1",
          "prettier": "^2.7.1",
          "prettier-plugin-solidity": "^1.0.0-beta.19",
          "remixd": "^0.2.4"
      },
      "dependencies": {
          "@openzeppelin/contracts": "^4.7.0"
      }
  }

yarn manifest: 
  No manifest

Lockfile: 
  No lockfile
